<?xml version="1.0" encoding="UTF-8"?>
<coverage generated="1761601652659" clover="3.2.0">
  <project timestamp="1761601652659" name="All files">
    <metrics statements="160" coveredstatements="155" conditionals="45" coveredconditionals="43" methods="17" coveredmethods="17" elements="222" coveredelements="215" complexity="0" loc="160" ncloc="160" packages="1" files="4" classes="4"/>
    <file name="errors.ts" path="F:\projects\eligius\eligian\packages\shared-utils\src\errors.ts">
      <metrics statements="56" coveredstatements="56" conditionals="18" coveredconditionals="18" methods="8" coveredmethods="8"/>
      <line num="65" count="1" type="cond" truecount="1" falsecount="0"/>
      <line num="66" count="6" type="stmt"/>
      <line num="67" count="6" type="stmt"/>
      <line num="68" count="6" type="stmt"/>
      <line num="69" count="6" type="stmt"/>
      <line num="70" count="6" type="stmt"/>
      <line num="71" count="6" type="stmt"/>
      <line num="72" count="6" type="stmt"/>
      <line num="80" count="1" type="cond" truecount="1" falsecount="0"/>
      <line num="81" count="6" type="stmt"/>
      <line num="82" count="6" type="stmt"/>
      <line num="83" count="6" type="stmt"/>
      <line num="84" count="6" type="stmt"/>
      <line num="85" count="6" type="stmt"/>
      <line num="86" count="6" type="stmt"/>
      <line num="87" count="6" type="stmt"/>
      <line num="96" count="1" type="cond" truecount="1" falsecount="0"/>
      <line num="97" count="8" type="stmt"/>
      <line num="98" count="8" type="stmt"/>
      <line num="99" count="8" type="stmt"/>
      <line num="100" count="8" type="stmt"/>
      <line num="101" count="8" type="stmt"/>
      <line num="102" count="8" type="stmt"/>
      <line num="103" count="8" type="stmt"/>
      <line num="104" count="8" type="stmt"/>
      <line num="113" count="1" type="cond" truecount="1" falsecount="0"/>
      <line num="114" count="16" type="stmt"/>
      <line num="115" count="16" type="stmt"/>
      <line num="116" count="16" type="stmt"/>
      <line num="117" count="16" type="stmt"/>
      <line num="118" count="16" type="stmt"/>
      <line num="119" count="16" type="stmt"/>
      <line num="120" count="16" type="stmt"/>
      <line num="121" count="16" type="stmt"/>
      <line num="129" count="1" type="cond" truecount="1" falsecount="0"/>
      <line num="130" count="7" type="stmt"/>
      <line num="131" count="7" type="stmt"/>
      <line num="132" count="7" type="cond" truecount="1" falsecount="0"/>
      <line num="133" count="6" type="cond" truecount="1" falsecount="0"/>
      <line num="134" count="5" type="stmt"/>
      <line num="136" count="7" type="stmt"/>
      <line num="144" count="1" type="cond" truecount="1" falsecount="0"/>
      <line num="145" count="6" type="stmt"/>
      <line num="146" count="6" type="cond" truecount="1" falsecount="0"/>
      <line num="147" count="5" type="cond" truecount="1" falsecount="0"/>
      <line num="148" count="5" type="cond" truecount="1" falsecount="0"/>
      <line num="149" count="4" type="stmt"/>
      <line num="151" count="6" type="stmt"/>
      <line num="159" count="1" type="cond" truecount="1" falsecount="0"/>
      <line num="160" count="7" type="stmt"/>
      <line num="161" count="7" type="cond" truecount="2" falsecount="0"/>
      <line num="163" count="7" type="stmt"/>
      <line num="171" count="1" type="cond" truecount="1" falsecount="0"/>
      <line num="172" count="7" type="stmt"/>
      <line num="173" count="7" type="cond" truecount="3" falsecount="0"/>
      <line num="175" count="7" type="stmt"/>
    </file>
    <file name="file-loader.ts" path="F:\projects\eligius\eligian\packages\shared-utils\src\file-loader.ts">
      <metrics statements="48" coveredstatements="48" conditionals="11" coveredconditionals="10" methods="3" coveredmethods="3"/>
      <line num="10" count="1" type="stmt"/>
      <line num="11" count="1" type="stmt"/>
      <line num="12" count="1" type="stmt"/>
      <line num="41" count="11" type="cond" truecount="1" falsecount="0"/>
      <line num="42" count="11" type="stmt"/>
      <line num="43" count="11" type="stmt"/>
      <line num="44" count="11" type="stmt"/>
      <line num="45" count="11" type="stmt"/>
      <line num="48" count="11" type="stmt"/>
      <line num="49" count="11" type="cond" truecount="1" falsecount="0"/>
      <line num="50" count="3" type="stmt"/>
      <line num="52" count="11" type="cond" truecount="1" falsecount="0"/>
      <line num="53" count="11" type="cond" truecount="1" falsecount="0"/>
      <line num="54" count="4" type="stmt"/>
      <line num="56" count="11" type="cond" truecount="1" falsecount="0"/>
      <line num="58" count="4" type="cond" truecount="0" falsecount="1"/>
      <line num="59" count="4" type="stmt"/>
      <line num="60" count="4" type="stmt"/>
      <line num="61" count="11" type="stmt"/>
      <line num="62" count="11" type="stmt"/>
      <line num="95" count="1" type="cond" truecount="1" falsecount="0"/>
      <line num="96" count="8" type="stmt"/>
      <line num="98" count="8" type="stmt"/>
      <line num="100" count="8" type="stmt"/>
      <line num="101" count="8" type="stmt"/>
      <line num="102" count="8" type="stmt"/>
      <line num="103" count="8" type="stmt"/>
      <line num="104" count="8" type="cond" truecount="1" falsecount="0"/>
      <line num="106" count="5" type="stmt"/>
      <line num="107" count="5" type="stmt"/>
      <line num="108" count="5" type="stmt"/>
      <line num="109" count="5" type="stmt"/>
      <line num="110" count="5" type="stmt"/>
      <line num="111" count="8" type="stmt"/>
      <line num="137" count="9" type="cond" truecount="1" falsecount="0"/>
      <line num="138" count="9" type="stmt"/>
      <line num="140" count="9" type="cond" truecount="1" falsecount="0"/>
      <line num="142" count="3" type="stmt"/>
      <line num="143" count="3" type="stmt"/>
      <line num="144" count="3" type="stmt"/>
      <line num="145" count="3" type="stmt"/>
      <line num="146" count="9" type="cond" truecount="1" falsecount="0"/>
      <line num="148" count="6" type="stmt"/>
      <line num="149" count="6" type="stmt"/>
      <line num="150" count="6" type="stmt"/>
      <line num="151" count="6" type="stmt"/>
      <line num="152" count="6" type="stmt"/>
      <line num="153" count="9" type="stmt"/>
    </file>
    <file name="index.ts" path="F:\projects\eligius\eligian\packages\shared-utils\src\index.ts">
      <metrics statements="3" coveredstatements="0" conditionals="1" coveredconditionals="1" methods="1" coveredmethods="1"/>
      <line num="5" count="0" type="stmt"/>
      <line num="7" count="0" type="stmt"/>
      <line num="9" count="0" type="stmt"/>
    </file>
    <file name="path-resolver.ts" path="F:\projects\eligius\eligian\packages\shared-utils\src\path-resolver.ts">
      <metrics statements="53" coveredstatements="51" conditionals="15" coveredconditionals="14" methods="5" coveredmethods="5"/>
      <line num="27" count="1" type="stmt"/>
      <line num="28" count="1" type="stmt"/>
      <line num="34" count="42" type="cond" truecount="1" falsecount="0"/>
      <line num="35" count="42" type="stmt"/>
      <line num="36" count="42" type="stmt"/>
      <line num="45" count="42" type="cond" truecount="1" falsecount="0"/>
      <line num="47" count="42" type="cond" truecount="1" falsecount="0"/>
      <line num="49" count="4" type="cond" truecount="0" falsecount="1"/>
      <line num="50" count="0" type="stmt"/>
      <line num="51" count="0" type="stmt"/>
      <line num="53" count="4" type="stmt"/>
      <line num="55" count="4" type="stmt"/>
      <line num="56" count="4" type="cond" truecount="1" falsecount="0"/>
      <line num="59" count="38" type="stmt"/>
      <line num="60" count="38" type="stmt"/>
      <line num="94" count="1" type="cond" truecount="1" falsecount="0"/>
      <line num="96" count="213" type="stmt"/>
      <line num="99" count="213" type="stmt"/>
      <line num="102" count="213" type="cond" truecount="2" falsecount="0"/>
      <line num="103" count="5" type="stmt"/>
      <line num="104" count="5" type="stmt"/>
      <line num="106" count="213" type="stmt"/>
      <line num="107" count="213" type="stmt"/>
      <line num="133" count="1" type="cond" truecount="1" falsecount="0"/>
      <line num="134" count="49" type="stmt"/>
      <line num="135" count="49" type="stmt"/>
      <line num="136" count="49" type="stmt"/>
      <line num="138" count="49" type="stmt"/>
      <line num="139" count="49" type="stmt"/>
      <line num="143" count="49" type="cond" truecount="2" falsecount="0"/>
      <line num="144" count="36" type="stmt"/>
      <line num="145" count="36" type="cond" truecount="1" falsecount="0"/>
      <line num="148" count="13" type="stmt"/>
      <line num="149" count="13" type="stmt"/>
      <line num="150" count="13" type="stmt"/>
      <line num="151" count="13" type="stmt"/>
      <line num="152" count="13" type="stmt"/>
      <line num="185" count="1" type="cond" truecount="1" falsecount="0"/>
      <line num="187" count="42" type="stmt"/>
      <line num="191" count="42" type="stmt"/>
      <line num="194" count="42" type="stmt"/>
      <line num="198" count="42" type="stmt"/>
      <line num="200" count="42" type="cond" truecount="1" falsecount="0"/>
      <line num="201" count="11" type="stmt"/>
      <line num="202" count="11" type="stmt"/>
      <line num="203" count="11" type="stmt"/>
      <line num="204" count="11" type="stmt"/>
      <line num="205" count="11" type="cond" truecount="1" falsecount="0"/>
      <line num="207" count="31" type="stmt"/>
      <line num="208" count="31" type="stmt"/>
      <line num="209" count="31" type="stmt"/>
      <line num="210" count="31" type="stmt"/>
      <line num="211" count="31" type="stmt"/>
    </file>
  </project>
</coverage>
