{
  "F:\\projects\\eligius\\eligian\\packages\\shared-utils\\src\\errors.ts": {
    "path": "F:\\projects\\eligius\\eligian\\packages\\shared-utils\\src\\errors.ts",
    "all": false,
    "statementMap": {
      "64": { "start": { "line": 65, "column": 0 }, "end": { "line": 65, "column": 74 } },
      "65": { "start": { "line": 66, "column": 0 }, "end": { "line": 66, "column": 10 } },
      "66": { "start": { "line": 67, "column": 0 }, "end": { "line": 67, "column": 30 } },
      "67": { "start": { "line": 68, "column": 0 }, "end": { "line": 68, "column": 9 } },
      "68": { "start": { "line": 69, "column": 0 }, "end": { "line": 69, "column": 39 } },
      "69": { "start": { "line": 70, "column": 0 }, "end": { "line": 70, "column": 63 } },
      "70": { "start": { "line": 71, "column": 0 }, "end": { "line": 71, "column": 4 } },
      "71": { "start": { "line": 72, "column": 0 }, "end": { "line": 72, "column": 1 } },
      "79": { "start": { "line": 80, "column": 0 }, "end": { "line": 80, "column": 70 } },
      "80": { "start": { "line": 81, "column": 0 }, "end": { "line": 81, "column": 10 } },
      "81": { "start": { "line": 82, "column": 0 }, "end": { "line": 82, "column": 28 } },
      "82": { "start": { "line": 83, "column": 0 }, "end": { "line": 83, "column": 9 } },
      "83": { "start": { "line": 84, "column": 0 }, "end": { "line": 84, "column": 42 } },
      "84": { "start": { "line": 85, "column": 0 }, "end": { "line": 85, "column": 70 } },
      "85": { "start": { "line": 86, "column": 0 }, "end": { "line": 86, "column": 4 } },
      "86": { "start": { "line": 87, "column": 0 }, "end": { "line": 87, "column": 1 } },
      "95": { "start": { "line": 96, "column": 0 }, "end": { "line": 96, "column": 75 } },
      "96": { "start": { "line": 97, "column": 0 }, "end": { "line": 97, "column": 10 } },
      "97": { "start": { "line": 98, "column": 0 }, "end": { "line": 98, "column": 22 } },
      "98": { "start": { "line": 99, "column": 0 }, "end": { "line": 99, "column": 9 } },
      "99": { "start": { "line": 100, "column": 0 }, "end": { "line": 100, "column": 44 } },
      "100": { "start": { "line": 101, "column": 0 }, "end": { "line": 101, "column": 10 } },
      "101": { "start": { "line": 102, "column": 0 }, "end": { "line": 102, "column": 65 } },
      "102": { "start": { "line": 103, "column": 0 }, "end": { "line": 103, "column": 4 } },
      "103": { "start": { "line": 104, "column": 0 }, "end": { "line": 104, "column": 1 } },
      "112": { "start": { "line": 113, "column": 0 }, "end": { "line": 113, "column": 87 } },
      "113": { "start": { "line": 114, "column": 0 }, "end": { "line": 114, "column": 10 } },
      "114": { "start": { "line": 115, "column": 0 }, "end": { "line": 115, "column": 26 } },
      "115": { "start": { "line": 116, "column": 0 }, "end": { "line": 116, "column": 9 } },
      "116": { "start": { "line": 117, "column": 0 }, "end": { "line": 117, "column": 16 } },
      "117": { "start": { "line": 118, "column": 0 }, "end": { "line": 118, "column": 87 } },
      "118": { "start": { "line": 119, "column": 0 }, "end": { "line": 119, "column": 74 } },
      "119": { "start": { "line": 120, "column": 0 }, "end": { "line": 120, "column": 4 } },
      "120": { "start": { "line": 121, "column": 0 }, "end": { "line": 121, "column": 1 } },
      "128": { "start": { "line": 129, "column": 0 }, "end": { "line": 129, "column": 81 } },
      "129": { "start": { "line": 130, "column": 0 }, "end": { "line": 130, "column": 10 } },
      "130": { "start": { "line": 131, "column": 0 }, "end": { "line": 131, "column": 32 } },
      "131": { "start": { "line": 132, "column": 0 }, "end": { "line": 132, "column": 21 } },
      "132": { "start": { "line": 133, "column": 0 }, "end": { "line": 133, "column": 22 } },
      "133": { "start": { "line": 134, "column": 0 }, "end": { "line": 134, "column": 38 } },
      "135": { "start": { "line": 136, "column": 0 }, "end": { "line": 136, "column": 1 } },
      "143": { "start": { "line": 144, "column": 0 }, "end": { "line": 144, "column": 77 } },
      "144": { "start": { "line": 145, "column": 0 }, "end": { "line": 145, "column": 10 } },
      "145": { "start": { "line": 146, "column": 0 }, "end": { "line": 146, "column": 32 } },
      "146": { "start": { "line": 147, "column": 0 }, "end": { "line": 147, "column": 21 } },
      "147": { "start": { "line": 148, "column": 0 }, "end": { "line": 148, "column": 22 } },
      "148": { "start": { "line": 149, "column": 0 }, "end": { "line": 149, "column": 36 } },
      "150": { "start": { "line": 151, "column": 0 }, "end": { "line": 151, "column": 1 } },
      "158": { "start": { "line": 159, "column": 0 }, "end": { "line": 159, "column": 65 } },
      "159": { "start": { "line": 160, "column": 0 }, "end": { "line": 160, "column": 10 } },
      "160": { "start": { "line": 161, "column": 0 }, "end": { "line": 161, "column": 96 } },
      "162": { "start": { "line": 163, "column": 0 }, "end": { "line": 163, "column": 1 } },
      "170": { "start": { "line": 171, "column": 0 }, "end": { "line": 171, "column": 73 } },
      "171": { "start": { "line": 172, "column": 0 }, "end": { "line": 172, "column": 10 } },
      "172": { "start": { "line": 173, "column": 0 }, "end": { "line": 173, "column": 100 } },
      "174": { "start": { "line": 175, "column": 0 }, "end": { "line": 175, "column": 1 } }
    },
    "s": {
      "64": 1,
      "65": 6,
      "66": 6,
      "67": 6,
      "68": 6,
      "69": 6,
      "70": 6,
      "71": 6,
      "79": 1,
      "80": 6,
      "81": 6,
      "82": 6,
      "83": 6,
      "84": 6,
      "85": 6,
      "86": 6,
      "95": 1,
      "96": 8,
      "97": 8,
      "98": 8,
      "99": 8,
      "100": 8,
      "101": 8,
      "102": 8,
      "103": 8,
      "112": 1,
      "113": 16,
      "114": 16,
      "115": 16,
      "116": 16,
      "117": 16,
      "118": 16,
      "119": 16,
      "120": 16,
      "128": 1,
      "129": 7,
      "130": 7,
      "131": 7,
      "132": 6,
      "133": 5,
      "135": 7,
      "143": 1,
      "144": 6,
      "145": 6,
      "146": 5,
      "147": 5,
      "148": 4,
      "150": 6,
      "158": 1,
      "159": 7,
      "160": 7,
      "162": 7,
      "170": 1,
      "171": 7,
      "172": 7,
      "174": 7
    },
    "branchMap": {
      "0": {
        "type": "branch",
        "line": 65,
        "loc": { "start": { "line": 65, "column": 7 }, "end": { "line": 72, "column": 1 } },
        "locations": [{ "start": { "line": 65, "column": 7 }, "end": { "line": 72, "column": 1 } }]
      },
      "1": {
        "type": "branch",
        "line": 80,
        "loc": { "start": { "line": 80, "column": 7 }, "end": { "line": 87, "column": 1 } },
        "locations": [{ "start": { "line": 80, "column": 7 }, "end": { "line": 87, "column": 1 } }]
      },
      "2": {
        "type": "branch",
        "line": 96,
        "loc": { "start": { "line": 96, "column": 7 }, "end": { "line": 104, "column": 1 } },
        "locations": [{ "start": { "line": 96, "column": 7 }, "end": { "line": 104, "column": 1 } }]
      },
      "3": {
        "type": "branch",
        "line": 113,
        "loc": { "start": { "line": 113, "column": 7 }, "end": { "line": 121, "column": 1 } },
        "locations": [
          { "start": { "line": 113, "column": 7 }, "end": { "line": 121, "column": 1 } }
        ]
      },
      "4": {
        "type": "branch",
        "line": 129,
        "loc": { "start": { "line": 129, "column": 7 }, "end": { "line": 136, "column": 1 } },
        "locations": [
          { "start": { "line": 129, "column": 7 }, "end": { "line": 136, "column": 1 } }
        ]
      },
      "5": {
        "type": "branch",
        "line": 132,
        "loc": { "start": { "line": 132, "column": 14 }, "end": { "line": 133, "column": 22 } },
        "locations": [
          { "start": { "line": 132, "column": 14 }, "end": { "line": 133, "column": 22 } }
        ]
      },
      "6": {
        "type": "branch",
        "line": 133,
        "loc": { "start": { "line": 133, "column": 14 }, "end": { "line": 134, "column": 38 } },
        "locations": [
          { "start": { "line": 133, "column": 14 }, "end": { "line": 134, "column": 38 } }
        ]
      },
      "7": {
        "type": "branch",
        "line": 144,
        "loc": { "start": { "line": 144, "column": 7 }, "end": { "line": 151, "column": 1 } },
        "locations": [
          { "start": { "line": 144, "column": 7 }, "end": { "line": 151, "column": 1 } }
        ]
      },
      "8": {
        "type": "branch",
        "line": 146,
        "loc": { "start": { "line": 146, "column": 21 }, "end": { "line": 147, "column": 21 } },
        "locations": [
          { "start": { "line": 146, "column": 21 }, "end": { "line": 147, "column": 21 } }
        ]
      },
      "9": {
        "type": "branch",
        "line": 147,
        "loc": { "start": { "line": 147, "column": 14 }, "end": { "line": 148, "column": 22 } },
        "locations": [
          { "start": { "line": 147, "column": 14 }, "end": { "line": 148, "column": 22 } }
        ]
      },
      "10": {
        "type": "branch",
        "line": 148,
        "loc": { "start": { "line": 148, "column": 14 }, "end": { "line": 149, "column": 36 } },
        "locations": [
          { "start": { "line": 148, "column": 14 }, "end": { "line": 149, "column": 36 } }
        ]
      },
      "11": {
        "type": "branch",
        "line": 159,
        "loc": { "start": { "line": 159, "column": 7 }, "end": { "line": 163, "column": 1 } },
        "locations": [
          { "start": { "line": 159, "column": 7 }, "end": { "line": 163, "column": 1 } }
        ]
      },
      "12": {
        "type": "branch",
        "line": 161,
        "loc": { "start": { "line": 161, "column": 43 }, "end": { "line": 161, "column": 70 } },
        "locations": [
          { "start": { "line": 161, "column": 43 }, "end": { "line": 161, "column": 70 } }
        ]
      },
      "13": {
        "type": "branch",
        "line": 161,
        "loc": { "start": { "line": 161, "column": 61 }, "end": { "line": 161, "column": 96 } },
        "locations": [
          { "start": { "line": 161, "column": 61 }, "end": { "line": 161, "column": 96 } }
        ]
      },
      "14": {
        "type": "branch",
        "line": 171,
        "loc": { "start": { "line": 171, "column": 7 }, "end": { "line": 175, "column": 1 } },
        "locations": [
          { "start": { "line": 171, "column": 7 }, "end": { "line": 175, "column": 1 } }
        ]
      },
      "15": {
        "type": "branch",
        "line": 173,
        "loc": { "start": { "line": 173, "column": 21 }, "end": { "line": 173, "column": 51 } },
        "locations": [
          { "start": { "line": 173, "column": 21 }, "end": { "line": 173, "column": 51 } }
        ]
      },
      "16": {
        "type": "branch",
        "line": 173,
        "loc": { "start": { "line": 173, "column": 43 }, "end": { "line": 173, "column": 70 } },
        "locations": [
          { "start": { "line": 173, "column": 43 }, "end": { "line": 173, "column": 70 } }
        ]
      },
      "17": {
        "type": "branch",
        "line": 173,
        "loc": { "start": { "line": 173, "column": 61 }, "end": { "line": 173, "column": 100 } },
        "locations": [
          { "start": { "line": 173, "column": 61 }, "end": { "line": 173, "column": 100 } }
        ]
      }
    },
    "b": {
      "0": [6],
      "1": [6],
      "2": [8],
      "3": [16],
      "4": [7],
      "5": [6],
      "6": [5],
      "7": [6],
      "8": [5],
      "9": [5],
      "10": [4],
      "11": [7],
      "12": [6],
      "13": [5],
      "14": [7],
      "15": [6],
      "16": [6],
      "17": [5]
    },
    "fnMap": {
      "0": {
        "name": "createFileNotFoundError",
        "decl": { "start": { "line": 65, "column": 7 }, "end": { "line": 72, "column": 1 } },
        "loc": { "start": { "line": 65, "column": 7 }, "end": { "line": 72, "column": 1 } },
        "line": 65
      },
      "1": {
        "name": "createPermissionError",
        "decl": { "start": { "line": 80, "column": 7 }, "end": { "line": 87, "column": 1 } },
        "loc": { "start": { "line": 80, "column": 7 }, "end": { "line": 87, "column": 1 } },
        "line": 80
      },
      "2": {
        "name": "createReadError",
        "decl": { "start": { "line": 96, "column": 7 }, "end": { "line": 104, "column": 1 } },
        "loc": { "start": { "line": 96, "column": 7 }, "end": { "line": 104, "column": 1 } },
        "line": 96
      },
      "3": {
        "name": "createSecurityError",
        "decl": { "start": { "line": 113, "column": 7 }, "end": { "line": 121, "column": 1 } },
        "loc": { "start": { "line": 113, "column": 7 }, "end": { "line": 121, "column": 1 } },
        "line": 113
      },
      "4": {
        "name": "isFileNotFoundError",
        "decl": { "start": { "line": 129, "column": 7 }, "end": { "line": 136, "column": 1 } },
        "loc": { "start": { "line": 129, "column": 7 }, "end": { "line": 136, "column": 1 } },
        "line": 129
      },
      "5": {
        "name": "isPermissionError",
        "decl": { "start": { "line": 144, "column": 7 }, "end": { "line": 151, "column": 1 } },
        "loc": { "start": { "line": 144, "column": 7 }, "end": { "line": 151, "column": 1 } },
        "line": 144
      },
      "6": {
        "name": "isReadError",
        "decl": { "start": { "line": 159, "column": 7 }, "end": { "line": 163, "column": 1 } },
        "loc": { "start": { "line": 159, "column": 7 }, "end": { "line": 163, "column": 1 } },
        "line": 159
      },
      "7": {
        "name": "isSecurityError",
        "decl": { "start": { "line": 171, "column": 7 }, "end": { "line": 175, "column": 1 } },
        "loc": { "start": { "line": 171, "column": 7 }, "end": { "line": 175, "column": 1 } },
        "line": 171
      }
    },
    "f": { "0": 6, "1": 6, "2": 8, "3": 16, "4": 7, "5": 6, "6": 7, "7": 7 }
  },
  "F:\\projects\\eligius\\eligian\\packages\\shared-utils\\src\\file-loader.ts": {
    "path": "F:\\projects\\eligius\\eligian\\packages\\shared-utils\\src\\file-loader.ts",
    "all": false,
    "statementMap": {
      "9": { "start": { "line": 10, "column": 0 }, "end": { "line": 10, "column": 30 } },
      "10": { "start": { "line": 11, "column": 0 }, "end": { "line": 11, "column": 47 } },
      "11": { "start": { "line": 12, "column": 0 }, "end": { "line": 12, "column": 8 } },
      "40": { "start": { "line": 41, "column": 0 }, "end": { "line": 41, "column": 28 } },
      "41": { "start": { "line": 42, "column": 0 }, "end": { "line": 42, "column": 17 } },
      "42": { "start": { "line": 43, "column": 0 }, "end": { "line": 43, "column": 14 } },
      "43": { "start": { "line": 44, "column": 0 }, "end": { "line": 44, "column": 52 } },
      "44": { "start": { "line": 45, "column": 0 }, "end": { "line": 45, "column": 51 } },
      "47": { "start": { "line": 48, "column": 0 }, "end": { "line": 48, "column": 27 } },
      "48": { "start": { "line": 49, "column": 0 }, "end": { "line": 49, "column": 18 } },
      "49": { "start": { "line": 50, "column": 0 }, "end": { "line": 50, "column": 43 } },
      "51": { "start": { "line": 52, "column": 0 }, "end": { "line": 52, "column": 18 } },
      "52": { "start": { "line": 53, "column": 0 }, "end": { "line": 53, "column": 17 } },
      "53": { "start": { "line": 54, "column": 0 }, "end": { "line": 54, "column": 41 } },
      "55": { "start": { "line": 56, "column": 0 }, "end": { "line": 56, "column": 14 } },
      "57": { "start": { "line": 58, "column": 0 }, "end": { "line": 58, "column": 100 } },
      "58": { "start": { "line": 59, "column": 0 }, "end": { "line": 59, "column": 44 } },
      "59": { "start": { "line": 60, "column": 0 }, "end": { "line": 60, "column": 5 } },
      "60": { "start": { "line": 61, "column": 0 }, "end": { "line": 61, "column": 3 } },
      "61": { "start": { "line": 62, "column": 0 }, "end": { "line": 62, "column": 1 } },
      "94": { "start": { "line": 95, "column": 0 }, "end": { "line": 95, "column": 68 } },
      "95": { "start": { "line": 96, "column": 0 }, "end": { "line": 96, "column": 7 } },
      "97": { "start": { "line": 98, "column": 0 }, "end": { "line": 98, "column": 59 } },
      "99": { "start": { "line": 100, "column": 0 }, "end": { "line": 100, "column": 12 } },
      "100": { "start": { "line": 101, "column": 0 }, "end": { "line": 101, "column": 20 } },
      "101": { "start": { "line": 102, "column": 0 }, "end": { "line": 102, "column": 14 } },
      "102": { "start": { "line": 103, "column": 0 }, "end": { "line": 103, "column": 6 } },
      "103": { "start": { "line": 104, "column": 0 }, "end": { "line": 104, "column": 19 } },
      "105": { "start": { "line": 106, "column": 0 }, "end": { "line": 106, "column": 12 } },
      "106": { "start": { "line": 107, "column": 0 }, "end": { "line": 107, "column": 21 } },
      "107": { "start": { "line": 108, "column": 0 }, "end": { "line": 108, "column": 53 } },
      "108": { "start": { "line": 109, "column": 0 }, "end": { "line": 109, "column": 6 } },
      "109": { "start": { "line": 110, "column": 0 }, "end": { "line": 110, "column": 3 } },
      "110": { "start": { "line": 111, "column": 0 }, "end": { "line": 111, "column": 1 } },
      "136": { "start": { "line": 137, "column": 0 }, "end": { "line": 137, "column": 84 } },
      "137": { "start": { "line": 138, "column": 0 }, "end": { "line": 138, "column": 7 } },
      "139": { "start": { "line": 140, "column": 0 }, "end": { "line": 140, "column": 69 } },
      "141": { "start": { "line": 142, "column": 0 }, "end": { "line": 142, "column": 12 } },
      "142": { "start": { "line": 143, "column": 0 }, "end": { "line": 143, "column": 20 } },
      "143": { "start": { "line": 144, "column": 0 }, "end": { "line": 144, "column": 14 } },
      "144": { "start": { "line": 145, "column": 0 }, "end": { "line": 145, "column": 6 } },
      "145": { "start": { "line": 146, "column": 0 }, "end": { "line": 146, "column": 19 } },
      "147": { "start": { "line": 148, "column": 0 }, "end": { "line": 148, "column": 12 } },
      "148": { "start": { "line": 149, "column": 0 }, "end": { "line": 149, "column": 21 } },
      "149": { "start": { "line": 150, "column": 0 }, "end": { "line": 150, "column": 53 } },
      "150": { "start": { "line": 151, "column": 0 }, "end": { "line": 151, "column": 6 } },
      "151": { "start": { "line": 152, "column": 0 }, "end": { "line": 152, "column": 3 } },
      "152": { "start": { "line": 153, "column": 0 }, "end": { "line": 153, "column": 1 } }
    },
    "s": {
      "9": 1,
      "10": 1,
      "11": 1,
      "40": 11,
      "41": 11,
      "42": 11,
      "43": 11,
      "44": 11,
      "47": 11,
      "48": 11,
      "49": 3,
      "51": 11,
      "52": 11,
      "53": 4,
      "55": 11,
      "57": 4,
      "58": 4,
      "59": 4,
      "60": 11,
      "61": 11,
      "94": 1,
      "95": 8,
      "97": 8,
      "99": 8,
      "100": 8,
      "101": 8,
      "102": 8,
      "103": 8,
      "105": 5,
      "106": 5,
      "107": 5,
      "108": 5,
      "109": 5,
      "110": 8,
      "136": 9,
      "137": 9,
      "139": 9,
      "141": 3,
      "142": 3,
      "143": 3,
      "144": 3,
      "145": 9,
      "147": 6,
      "148": 6,
      "149": 6,
      "150": 6,
      "151": 6,
      "152": 9
    },
    "branchMap": {
      "0": {
        "type": "branch",
        "line": 41,
        "loc": { "start": { "line": 41, "column": 0 }, "end": { "line": 62, "column": 1 } },
        "locations": [{ "start": { "line": 41, "column": 0 }, "end": { "line": 62, "column": 1 } }]
      },
      "1": {
        "type": "branch",
        "line": 49,
        "loc": { "start": { "line": 49, "column": 4 }, "end": { "line": 50, "column": 43 } },
        "locations": [{ "start": { "line": 49, "column": 4 }, "end": { "line": 50, "column": 43 } }]
      },
      "2": {
        "type": "branch",
        "line": 52,
        "loc": { "start": { "line": 52, "column": 4 }, "end": { "line": 52, "column": 18 } },
        "locations": [{ "start": { "line": 52, "column": 4 }, "end": { "line": 52, "column": 18 } }]
      },
      "3": {
        "type": "branch",
        "line": 53,
        "loc": { "start": { "line": 53, "column": 4 }, "end": { "line": 54, "column": 41 } },
        "locations": [{ "start": { "line": 53, "column": 4 }, "end": { "line": 54, "column": 41 } }]
      },
      "4": {
        "type": "branch",
        "line": 56,
        "loc": { "start": { "line": 56, "column": 4 }, "end": { "line": 60, "column": 5 } },
        "locations": [{ "start": { "line": 56, "column": 4 }, "end": { "line": 60, "column": 5 } }]
      },
      "5": {
        "type": "branch",
        "line": 58,
        "loc": { "start": { "line": 58, "column": 32 }, "end": { "line": 58, "column": 100 } },
        "locations": [
          { "start": { "line": 58, "column": 32 }, "end": { "line": 58, "column": 100 } }
        ]
      },
      "6": {
        "type": "branch",
        "line": 95,
        "loc": { "start": { "line": 95, "column": 7 }, "end": { "line": 111, "column": 1 } },
        "locations": [{ "start": { "line": 95, "column": 7 }, "end": { "line": 111, "column": 1 } }]
      },
      "7": {
        "type": "branch",
        "line": 104,
        "loc": { "start": { "line": 104, "column": 2 }, "end": { "line": 110, "column": 3 } },
        "locations": [
          { "start": { "line": 104, "column": 2 }, "end": { "line": 110, "column": 3 } }
        ]
      },
      "8": {
        "type": "branch",
        "line": 137,
        "loc": { "start": { "line": 137, "column": 0 }, "end": { "line": 153, "column": 1 } },
        "locations": [
          { "start": { "line": 137, "column": 0 }, "end": { "line": 153, "column": 1 } }
        ]
      },
      "9": {
        "type": "branch",
        "line": 140,
        "loc": { "start": { "line": 140, "column": 67 }, "end": { "line": 146, "column": 11 } },
        "locations": [
          { "start": { "line": 140, "column": 67 }, "end": { "line": 146, "column": 11 } }
        ]
      },
      "10": {
        "type": "branch",
        "line": 146,
        "loc": { "start": { "line": 146, "column": 2 }, "end": { "line": 152, "column": 3 } },
        "locations": [
          { "start": { "line": 146, "column": 2 }, "end": { "line": 152, "column": 3 } }
        ]
      }
    },
    "b": {
      "0": [11],
      "1": [3],
      "2": [2],
      "3": [4],
      "4": [4],
      "5": [0],
      "6": [8],
      "7": [5],
      "8": [9],
      "9": [3],
      "10": [6]
    },
    "fnMap": {
      "0": {
        "name": "mapFileSystemError",
        "decl": { "start": { "line": 41, "column": 0 }, "end": { "line": 62, "column": 1 } },
        "loc": { "start": { "line": 41, "column": 0 }, "end": { "line": 62, "column": 1 } },
        "line": 41
      },
      "1": {
        "name": "loadFileSync",
        "decl": { "start": { "line": 95, "column": 7 }, "end": { "line": 111, "column": 1 } },
        "loc": { "start": { "line": 95, "column": 7 }, "end": { "line": 111, "column": 1 } },
        "line": 95
      },
      "2": {
        "name": "loadFileAsync",
        "decl": { "start": { "line": 137, "column": 0 }, "end": { "line": 153, "column": 1 } },
        "loc": { "start": { "line": 137, "column": 0 }, "end": { "line": 153, "column": 1 } },
        "line": 137
      }
    },
    "f": { "0": 11, "1": 8, "2": 9 }
  },
  "F:\\projects\\eligius\\eligian\\packages\\shared-utils\\src\\index.ts": {
    "path": "F:\\projects\\eligius\\eligian\\packages\\shared-utils\\src\\index.ts",
    "all": true,
    "statementMap": {
      "4": { "start": { "line": 5, "column": 0 }, "end": { "line": 5, "column": 28 } },
      "6": { "start": { "line": 7, "column": 0 }, "end": { "line": 7, "column": 33 } },
      "8": { "start": { "line": 9, "column": 0 }, "end": { "line": 9, "column": 35 } }
    },
    "s": { "4": 0, "6": 0, "8": 0 },
    "branchMap": {
      "0": {
        "type": "branch",
        "line": 1,
        "loc": { "start": { "line": 1, "column": 82 }, "end": { "line": 9, "column": 35 } },
        "locations": [{ "start": { "line": 1, "column": 82 }, "end": { "line": 9, "column": 35 } }]
      }
    },
    "b": { "0": [1] },
    "fnMap": {
      "0": {
        "name": "(empty-report)",
        "decl": { "start": { "line": 1, "column": 82 }, "end": { "line": 9, "column": 35 } },
        "loc": { "start": { "line": 1, "column": 82 }, "end": { "line": 9, "column": 35 } },
        "line": 1
      }
    },
    "f": { "0": 1 }
  },
  "F:\\projects\\eligius\\eligian\\packages\\shared-utils\\src\\path-resolver.ts": {
    "path": "F:\\projects\\eligius\\eligian\\packages\\shared-utils\\src\\path-resolver.ts",
    "all": false,
    "statementMap": {
      "26": { "start": { "line": 27, "column": 0 }, "end": { "line": 27, "column": 34 } },
      "27": { "start": { "line": 28, "column": 0 }, "end": { "line": 28, "column": 70 } },
      "33": { "start": { "line": 34, "column": 0 }, "end": { "line": 34, "column": 59 } },
      "34": { "start": { "line": 35, "column": 0 }, "end": { "line": 35, "column": 42 } },
      "35": { "start": { "line": 36, "column": 0 }, "end": { "line": 36, "column": 1 } },
      "44": { "start": { "line": 45, "column": 0 }, "end": { "line": 45, "column": 70 } },
      "46": { "start": { "line": 47, "column": 0 }, "end": { "line": 47, "column": 39 } },
      "48": { "start": { "line": 49, "column": 0 }, "end": { "line": 49, "column": 54 } },
      "49": { "start": { "line": 50, "column": 0 }, "end": { "line": 50, "column": 21 } },
      "50": { "start": { "line": 51, "column": 0 }, "end": { "line": 51, "column": 5 } },
      "52": { "start": { "line": 53, "column": 0 }, "end": { "line": 53, "column": 60 } },
      "54": { "start": { "line": 55, "column": 0 }, "end": { "line": 55, "column": 41 } },
      "55": { "start": { "line": 56, "column": 0 }, "end": { "line": 56, "column": 3 } },
      "58": { "start": { "line": 59, "column": 0 }, "end": { "line": 59, "column": 51 } },
      "59": { "start": { "line": 60, "column": 0 }, "end": { "line": 60, "column": 1 } },
      "93": { "start": { "line": 94, "column": 0 }, "end": { "line": 94, "column": 57 } },
      "95": { "start": { "line": 96, "column": 0 }, "end": { "line": 96, "column": 44 } },
      "98": { "start": { "line": 99, "column": 0 }, "end": { "line": 99, "column": 46 } },
      "101": { "start": { "line": 102, "column": 0 }, "end": { "line": 102, "column": 58 } },
      "102": { "start": { "line": 103, "column": 0 }, "end": { "line": 103, "column": 41 } },
      "103": { "start": { "line": 104, "column": 0 }, "end": { "line": 104, "column": 3 } },
      "105": { "start": { "line": 106, "column": 0 }, "end": { "line": 106, "column": 20 } },
      "106": { "start": { "line": 107, "column": 0 }, "end": { "line": 107, "column": 1 } },
      "132": { "start": { "line": 133, "column": 0 }, "end": { "line": 133, "column": 37 } },
      "133": { "start": { "line": 134, "column": 0 }, "end": { "line": 134, "column": 23 } },
      "134": { "start": { "line": 135, "column": 0 }, "end": { "line": 135, "column": 17 } },
      "135": { "start": { "line": 136, "column": 0 }, "end": { "line": 136, "column": 29 } },
      "137": { "start": { "line": 138, "column": 0 }, "end": { "line": 138, "column": 53 } },
      "138": { "start": { "line": 139, "column": 0 }, "end": { "line": 139, "column": 48 } },
      "142": { "start": { "line": 143, "column": 0 }, "end": { "line": 143, "column": 93 } },
      "143": { "start": { "line": 144, "column": 0 }, "end": { "line": 144, "column": 27 } },
      "144": { "start": { "line": 145, "column": 0 }, "end": { "line": 145, "column": 3 } },
      "147": { "start": { "line": 148, "column": 0 }, "end": { "line": 148, "column": 10 } },
      "148": { "start": { "line": 149, "column": 0 }, "end": { "line": 149, "column": 17 } },
      "149": { "start": { "line": 150, "column": 0 }, "end": { "line": 150, "column": 63 } },
      "150": { "start": { "line": 151, "column": 0 }, "end": { "line": 151, "column": 4 } },
      "151": { "start": { "line": 152, "column": 0 }, "end": { "line": 152, "column": 1 } },
      "184": { "start": { "line": 185, "column": 0 }, "end": { "line": 185, "column": 90 } },
      "186": { "start": { "line": 187, "column": 0 }, "end": { "line": 187, "column": 51 } },
      "190": { "start": { "line": 191, "column": 0 }, "end": { "line": 191, "column": 69 } },
      "193": { "start": { "line": 194, "column": 0 }, "end": { "line": 194, "column": 53 } },
      "197": { "start": { "line": 198, "column": 0 }, "end": { "line": 198, "column": 77 } },
      "199": { "start": { "line": 200, "column": 0 }, "end": { "line": 200, "column": 26 } },
      "200": { "start": { "line": 201, "column": 0 }, "end": { "line": 201, "column": 12 } },
      "201": { "start": { "line": 202, "column": 0 }, "end": { "line": 202, "column": 21 } },
      "202": { "start": { "line": 203, "column": 0 }, "end": { "line": 203, "column": 30 } },
      "203": { "start": { "line": 204, "column": 0 }, "end": { "line": 204, "column": 6 } },
      "204": { "start": { "line": 205, "column": 0 }, "end": { "line": 205, "column": 3 } },
      "206": { "start": { "line": 207, "column": 0 }, "end": { "line": 207, "column": 10 } },
      "207": { "start": { "line": 208, "column": 0 }, "end": { "line": 208, "column": 18 } },
      "208": { "start": { "line": 209, "column": 0 }, "end": { "line": 209, "column": 33 } },
      "209": { "start": { "line": 210, "column": 0 }, "end": { "line": 210, "column": 4 } },
      "210": { "start": { "line": 211, "column": 0 }, "end": { "line": 211, "column": 1 } }
    },
    "s": {
      "26": 1,
      "27": 1,
      "33": 42,
      "34": 42,
      "35": 42,
      "44": 42,
      "46": 42,
      "48": 4,
      "49": 0,
      "50": 0,
      "52": 4,
      "54": 4,
      "55": 4,
      "58": 38,
      "59": 38,
      "93": 1,
      "95": 213,
      "98": 213,
      "101": 213,
      "102": 5,
      "103": 5,
      "105": 213,
      "106": 213,
      "132": 1,
      "133": 49,
      "134": 49,
      "135": 49,
      "137": 49,
      "138": 49,
      "142": 49,
      "143": 36,
      "144": 36,
      "147": 13,
      "148": 13,
      "149": 13,
      "150": 13,
      "151": 13,
      "184": 1,
      "186": 42,
      "190": 42,
      "193": 42,
      "197": 42,
      "199": 42,
      "200": 11,
      "201": 11,
      "202": 11,
      "203": 11,
      "204": 11,
      "206": 31,
      "207": 31,
      "208": 31,
      "209": 31,
      "210": 31
    },
    "branchMap": {
      "0": {
        "type": "branch",
        "line": 34,
        "loc": { "start": { "line": 34, "column": 0 }, "end": { "line": 36, "column": 1 } },
        "locations": [{ "start": { "line": 34, "column": 0 }, "end": { "line": 36, "column": 1 } }]
      },
      "1": {
        "type": "branch",
        "line": 45,
        "loc": { "start": { "line": 45, "column": 0 }, "end": { "line": 60, "column": 1 } },
        "locations": [{ "start": { "line": 45, "column": 0 }, "end": { "line": 60, "column": 1 } }]
      },
      "2": {
        "type": "branch",
        "line": 47,
        "loc": { "start": { "line": 47, "column": 38 }, "end": { "line": 56, "column": 3 } },
        "locations": [{ "start": { "line": 47, "column": 38 }, "end": { "line": 56, "column": 3 } }]
      },
      "3": {
        "type": "branch",
        "line": 49,
        "loc": { "start": { "line": 49, "column": 53 }, "end": { "line": 51, "column": 5 } },
        "locations": [{ "start": { "line": 49, "column": 53 }, "end": { "line": 51, "column": 5 } }]
      },
      "4": {
        "type": "branch",
        "line": 56,
        "loc": { "start": { "line": 56, "column": 2 }, "end": { "line": 60, "column": 1 } },
        "locations": [{ "start": { "line": 56, "column": 2 }, "end": { "line": 60, "column": 1 } }]
      },
      "5": {
        "type": "branch",
        "line": 94,
        "loc": { "start": { "line": 94, "column": 7 }, "end": { "line": 107, "column": 1 } },
        "locations": [{ "start": { "line": 94, "column": 7 }, "end": { "line": 107, "column": 1 } }]
      },
      "6": {
        "type": "branch",
        "line": 102,
        "loc": { "start": { "line": 102, "column": 26 }, "end": { "line": 102, "column": 57 } },
        "locations": [
          { "start": { "line": 102, "column": 26 }, "end": { "line": 102, "column": 57 } }
        ]
      },
      "7": {
        "type": "branch",
        "line": 102,
        "loc": { "start": { "line": 102, "column": 57 }, "end": { "line": 104, "column": 3 } },
        "locations": [
          { "start": { "line": 102, "column": 57 }, "end": { "line": 104, "column": 3 } }
        ]
      },
      "8": {
        "type": "branch",
        "line": 133,
        "loc": { "start": { "line": 133, "column": 7 }, "end": { "line": 152, "column": 1 } },
        "locations": [
          { "start": { "line": 133, "column": 7 }, "end": { "line": 152, "column": 1 } }
        ]
      },
      "9": {
        "type": "branch",
        "line": 143,
        "loc": { "start": { "line": 143, "column": 25 }, "end": { "line": 143, "column": 92 } },
        "locations": [
          { "start": { "line": 143, "column": 25 }, "end": { "line": 143, "column": 92 } }
        ]
      },
      "10": {
        "type": "branch",
        "line": 143,
        "loc": { "start": { "line": 143, "column": 92 }, "end": { "line": 145, "column": 3 } },
        "locations": [
          { "start": { "line": 143, "column": 92 }, "end": { "line": 145, "column": 3 } }
        ]
      },
      "11": {
        "type": "branch",
        "line": 145,
        "loc": { "start": { "line": 145, "column": 2 }, "end": { "line": 152, "column": 1 } },
        "locations": [
          { "start": { "line": 145, "column": 2 }, "end": { "line": 152, "column": 1 } }
        ]
      },
      "12": {
        "type": "branch",
        "line": 185,
        "loc": { "start": { "line": 185, "column": 7 }, "end": { "line": 211, "column": 1 } },
        "locations": [
          { "start": { "line": 185, "column": 7 }, "end": { "line": 211, "column": 1 } }
        ]
      },
      "13": {
        "type": "branch",
        "line": 200,
        "loc": { "start": { "line": 200, "column": 25 }, "end": { "line": 205, "column": 3 } },
        "locations": [
          { "start": { "line": 200, "column": 25 }, "end": { "line": 205, "column": 3 } }
        ]
      },
      "14": {
        "type": "branch",
        "line": 205,
        "loc": { "start": { "line": 205, "column": 2 }, "end": { "line": 211, "column": 1 } },
        "locations": [
          { "start": { "line": 205, "column": 2 }, "end": { "line": 211, "column": 1 } }
        ]
      }
    },
    "b": {
      "0": [42],
      "1": [42],
      "2": [4],
      "3": [0],
      "4": [38],
      "5": [213],
      "6": [211],
      "7": [5],
      "8": [49],
      "9": [44],
      "10": [36],
      "11": [13],
      "12": [42],
      "13": [11],
      "14": [31]
    },
    "fnMap": {
      "0": {
        "name": "isWindowsAbsolutePath",
        "decl": { "start": { "line": 34, "column": 0 }, "end": { "line": 36, "column": 1 } },
        "loc": { "start": { "line": 34, "column": 0 }, "end": { "line": 36, "column": 1 } },
        "line": 34
      },
      "1": {
        "name": "resolvePaths",
        "decl": { "start": { "line": 45, "column": 0 }, "end": { "line": 60, "column": 1 } },
        "loc": { "start": { "line": 45, "column": 0 }, "end": { "line": 60, "column": 1 } },
        "line": 45
      },
      "2": {
        "name": "normalizePath",
        "decl": { "start": { "line": 94, "column": 7 }, "end": { "line": 107, "column": 1 } },
        "loc": { "start": { "line": 94, "column": 7 }, "end": { "line": 107, "column": 1 } },
        "line": 94
      },
      "3": {
        "name": "validatePathSecurity",
        "decl": { "start": { "line": 133, "column": 7 }, "end": { "line": 152, "column": 1 } },
        "loc": { "start": { "line": 133, "column": 7 }, "end": { "line": 152, "column": 1 } },
        "line": 133
      },
      "4": {
        "name": "resolvePath",
        "decl": { "start": { "line": 185, "column": 7 }, "end": { "line": 211, "column": 1 } },
        "loc": { "start": { "line": 185, "column": 7 }, "end": { "line": 211, "column": 1 } },
        "line": 185
      }
    },
    "f": { "0": 42, "1": 42, "2": 213, "3": 49, "4": 42 }
  }
}
